  MusicPlayer.cpp
  The contents of <filesystem> are available only with C++17 or later.
C:\Users\Sandy\Documents\Wiley Edge training\VisualStudio\MusicPlayer\MusicPlayer.cpp(81,58): warning C4244: 'argument': conversion from 'double' to 'int', possible loss of data
C:\Users\Sandy\Documents\Wiley Edge training\VisualStudio\MusicPlayer\MusicPlayer.cpp(83,69): warning C4244: 'argument': conversion from 'double' to 'int', possible loss of data
C:\Users\Sandy\Documents\Wiley Edge training\VisualStudio\MusicPlayer\MusicPlayer.cpp(85,70): warning C4244: 'argument': conversion from 'double' to 'int', possible loss of data
C:\Users\Sandy\Documents\Wiley Edge training\VisualStudio\MusicPlayer\MusicPlayer.cpp(85,53): warning C4244: 'argument': conversion from 'double' to 'int', possible loss of data
C:\Program Files (x86)\Microsoft Visual Studio\2019\Community\VC\Tools\MSVC\14.28.29333\include\xstring(2468,23): warning C4244: 'argument': conversion from 'wchar_t' to 'const _Elem', possible loss of data
          with
          [
              _Elem=char
          ]
C:\Program Files (x86)\Microsoft Visual Studio\2019\Community\VC\Tools\MSVC\14.28.29333\include\xstring(2479): message : see reference to function template instantiation 'void std::basic_string<char,std::char_traits<char>,std::allocator<char>>::_Construct<wchar_t*>(_Iter,const _Iter,std::input_iterator_tag)' being compiled
          with
          [
              _Iter=wchar_t *
          ]
C:\Program Files (x86)\Microsoft Visual Studio\2019\Community\VC\Tools\MSVC\14.28.29333\include\xstring(2479): message : see reference to function template instantiation 'void std::basic_string<char,std::char_traits<char>,std::allocator<char>>::_Construct<wchar_t*>(_Iter,const _Iter,std::input_iterator_tag)' being compiled
          with
          [
              _Iter=wchar_t *
          ]
C:\Program Files (x86)\Microsoft Visual Studio\2019\Community\VC\Tools\MSVC\14.28.29333\include\xstring(2459): message : see reference to function template instantiation 'void std::basic_string<char,std::char_traits<char>,std::allocator<char>>::_Construct<wchar_t*>(const _Iter,const _Iter,std::forward_iterator_tag)' being compiled
          with
          [
              _Iter=wchar_t *
          ]
C:\Program Files (x86)\Microsoft Visual Studio\2019\Community\VC\Tools\MSVC\14.28.29333\include\xstring(2459): message : see reference to function template instantiation 'void std::basic_string<char,std::char_traits<char>,std::allocator<char>>::_Construct<wchar_t*>(const _Iter,const _Iter,std::forward_iterator_tag)' being compiled
          with
          [
              _Iter=wchar_t *
          ]
C:\Users\Sandy\Documents\Wiley Edge training\VisualStudio\MusicPlayer\MusicPlayer.cpp(171): message : see reference to function template instantiation 'std::basic_string<char,std::char_traits<char>,std::allocator<char>>::basic_string<std::_String_iterator<std::_String_val<std::_Simple_types<_Elem>>>,0>(_Iter,_Iter,const _Alloc &)' being compiled
          with
          [
              _Elem=wchar_t,
              _Iter=std::_String_iterator<std::_String_val<std::_Simple_types<wchar_t>>>,
              _Alloc=std::allocator<char>
          ]
C:\Users\Sandy\Documents\Wiley Edge training\VisualStudio\MusicPlayer\MusicPlayer.cpp(171): message : see reference to function template instantiation 'std::basic_string<char,std::char_traits<char>,std::allocator<char>>::basic_string<std::_String_iterator<std::_String_val<std::_Simple_types<_Elem>>>,0>(_Iter,_Iter,const _Alloc &)' being compiled
          with
          [
              _Elem=wchar_t,
              _Iter=std::_String_iterator<std::_String_val<std::_Simple_types<wchar_t>>>,
              _Alloc=std::allocator<char>
          ]
  MusicPlayer.vcxproj -> C:\Users\Sandy\Documents\Wiley Edge training\VisualStudio\MusicPlayer\Debug\MusicPlayer.exe
